<?xml version="1.0" encoding="UTF-8"?>
<testng-results ignored="0" total="7" passed="7" failed="0" skipped="0">
    <reporter-output>
    </reporter-output>
    <suite started-at="2025-02-25T23:05:50 IST" name="All Test Suite" finished-at="2025-02-25T23:05:57 IST"
           duration-ms="7043">
        <groups>
        </groups>
        <test started-at="2025-02-25T23:05:50 IST" name="D:/WORKSPACES/intellij-idea-workspace/Selenium_All_Stuff"
              finished-at="2025-02-25T23:05:57 IST" duration-ms="7043">
            <class name="org.TestNG.DemoExample.TestNgFacebookTest">
                <test-method signature="openapp()[pri:1, instance:org.TestNG.TestNgFacebookTest@479d31f3]"
                             started-at="2025-02-25T23:05:50 IST" name="openapp" finished-at="2025-02-25T23:05:56 IST"
                             duration-ms="6246" status="PASS">
                    <reporter-output>
                    </reporter-output>
                </test-method> <!-- openapp -->
                <test-method signature="testLogo()[pri:2, instance:org.TestNG.TestNgFacebookTest@479d31f3]"
                             started-at="2025-02-25T23:05:56 IST" name="testLogo" finished-at="2025-02-25T23:05:56 IST"
                             duration-ms="50" status="PASS">
                    <reporter-output>
                    </reporter-output>
                </test-method> <!-- testLogo -->
                <test-method signature="testLogin()[pri:3, instance:org.TestNG.TestNgFacebookTest@479d31f3]"
                             started-at="2025-02-25T23:05:56 IST" name="testLogin" finished-at="2025-02-25T23:05:56 IST"
                             duration-ms="369" status="PASS">
                    <reporter-output>
                    </reporter-output>
                </test-method> <!-- testLogin -->
                <test-method signature="testLogout()[pri:4, instance:org.TestNG.TestNgFacebookTest@479d31f3]"
                             started-at="2025-02-25T23:05:56 IST" name="testLogout"
                             finished-at="2025-02-25T23:05:57 IST" duration-ms="215" status="PASS">
                    <reporter-output>
                    </reporter-output>
                </test-method> <!-- testLogout -->
            </class> <!-- org.TestNG.TestNgFacebookTest -->
            <class name="org.TestNG.DemoExample.TestNG_Demo">
                <test-method signature="openapp()[pri:1, instance:org.TestNG.TestNG_Demo@2ef3eef9]"
                             started-at="2025-02-25T23:05:50 IST" name="openapp" finished-at="2025-02-25T23:05:50 IST"
                             duration-ms="16" status="PASS">
                    <reporter-output>
                    </reporter-output>
                </test-method> <!-- openapp -->
                <test-method signature="login()[pri:2, instance:org.TestNG.TestNG_Demo@2ef3eef9]"
                             started-at="2025-02-25T23:05:50 IST" name="login" finished-at="2025-02-25T23:05:50 IST"
                             duration-ms="1" status="PASS">
                    <reporter-output>
                    </reporter-output>
                </test-method> <!-- login -->
                <test-method signature="logout()[pri:3, instance:org.TestNG.TestNG_Demo@2ef3eef9]"
                             started-at="2025-02-25T23:05:50 IST" name="logout" finished-at="2025-02-25T23:05:50 IST"
                             duration-ms="1" status="PASS">
                    <reporter-output>
                    </reporter-output>
                </test-method> <!-- logout -->
            </class> <!-- org.TestNG.TestNG_Demo -->
        </test> <!-- D:/WORKSPACES/intellij-idea-workspace/Selenium_All_Stuff -->
    </suite> <!-- All Test Suite -->
</testng-results>
